CMake Deprecation Warning at CMakeLists.txt:31 (CMAKE_POLICY):
  The OLD behavior for policy CMP0054 will be removed from a future version
  of CMake.

  The cmake-policies(7) manual explains that the OLD behaviors of all
  policies are deprecated and that a policy should be set to OLD only under
  specific short-term circumstances.  Projects should be ported to the NEW
  behavior and not rely on setting a policy to OLD.


CMake Deprecation Warning at CMakeLists.txt:32 (CMAKE_POLICY):
  The OLD behavior for policy CMP0045 will be removed from a future version
  of CMake.

  The cmake-policies(7) manual explains that the OLD behaviors of all
  policies are deprecated and that a policy should be set to OLD only under
  specific short-term circumstances.  Projects should be ported to the NEW
  behavior and not rely on setting a policy to OLD.


CMake Deprecation Warning at CMakeLists.txt:33 (CMAKE_POLICY):
  The OLD behavior for policy CMP0042 will be removed from a future version
  of CMake.

  The cmake-policies(7) manual explains that the OLD behaviors of all
  policies are deprecated and that a policy should be set to OLD only under
  specific short-term circumstances.  Projects should be ported to the NEW
  behavior and not rely on setting a policy to OLD.


CMake Deprecation Warning at CMakeLists.txt:38 (CMAKE_POLICY):
  The OLD behavior for policy CMP0059 will be removed from a future version
  of CMake.

  The cmake-policies(7) manual explains that the OLD behaviors of all
  policies are deprecated and that a policy should be set to OLD only under
  specific short-term circumstances.  Projects should be ported to the NEW
  behavior and not rely on setting a policy to OLD.


CMake Deprecation Warning at CMakeLists.txt:39 (CMAKE_POLICY):
  The OLD behavior for policy CMP0054 will be removed from a future version
  of CMake.

  The cmake-policies(7) manual explains that the OLD behaviors of all
  policies are deprecated and that a policy should be set to OLD only under
  specific short-term circumstances.  Projects should be ported to the NEW
  behavior and not rely on setting a policy to OLD.


CMake Warning:
  Manually-specified variables were not used by the project:

    ANTLR4CPP_JAR_LOCATION
    BUILD_TESTS


