-- Building without demo. To enable demo build use: -DWITH_DEMO=True
-- The C compiler identification is GNU 7.5.0
-- The CXX compiler identification is GNU 7.5.0
-- Check for working C compiler: /usr/bin/cc
-- Check for working C compiler: /usr/bin/cc -- works
-- Detecting C compiler ABI info
-- Detecting C compiler ABI info - done
-- Detecting C compile features
-- Detecting C compile features - done
-- Check for working CXX compiler: /usr/bin/c++
-- Check for working CXX compiler: /usr/bin/c++ -- works
-- Detecting CXX compiler ABI info
-- Detecting CXX compiler ABI info - done
-- Detecting CXX compile features
-- Detecting CXX compile features - done
-- Found PkgConfig: /usr/bin/pkg-config (found version "0.29.1") 
-- Checking for module 'uuid'
--   Found uuid, version 2.31.1
-- Output libraries to /git/LAM/Smalltalk/build/locals/antlr4cpp/src/antlr4cpp/runtime/Cpp/dist
-- Configuring done
-- Generating done
-- Build files have been written to: /git/LAM/Smalltalk/build/locals/antlr4cpp/src/antlr4cpp-build
